delivery : Aria Pramesi ContactPerson = Priya Pramesi
delivery : Casa de Aria LocationName = Casa de Aria
delivery : Residential LocationType = Commercial
delivery : 8325227833 MainPhone = 8326338944
delivery : maekhamin@gmail.com Email = maekhamin@gmail.com
delivery : 5430 Birdwood Road Address1 = 5430 BIRDWOOD RD
delivery : Houston City = HOUSTON
delivery : TX State = TX
delivery : 77096 Zip = 77096
delivery :  HasLoadingDock = 
2014-01-28T00:00:00+00:00:delivery : Aria Pramesi ContactPerson => Priya Pramesi
2014-01-28T00:00:00+00:00:delivery : Casa de Aria LocationName => Casa de Aria
2014-01-28T00:00:00+00:00:delivery : Residential LocationType => Commercial
2014-01-28T00:00:00+00:00:delivery : 8325227833 MainPhone => 8326338944
2014-01-28T00:00:00+00:00:delivery : maekhamin@gmail.com Email => maekhamin@gmail.com
2014-01-28T00:00:00+00:00:delivery : 5430 Birdwood Road Address1 => 5430 BIRDWOOD RD
2014-01-28T00:00:00+00:00:delivery : Houston City => HOUSTON
2014-01-28T00:00:00+00:00:delivery : TX State => TX
2014-01-28T00:00:00+00:00:delivery : 77096 Zip => 77096
2014-01-28T00:00:00+00:00:delivery :  HasLoadingDock => 
