01234560
We have received your purchase and have scheduled shipping. 
----------------------------------

ORDER NUMBER: MT-3064833

Item: 44lb Bag Quebracho Blanco Charcoal Pallet
Item Price: $760.00
Item Total: $760.00

Shipping: $289.44

TOTAL: $1,049.44


SHIPPING INFORMATION
--------------------
Priya Pramesi
5430 Birdwood rd
Houston TX 77096
United States

BILLING INFORMATION
--------------------
Priya Pramesi
5430 Birdwood rd
Houston TX 77096
United States

Phone: (832) 633-8944
Email: maekhamin@gmail.com

VIEW RECEIPT ONLINE
Click the link below to view your receipt online.
http://dev.bbcharcoal.com/store/receipt/?ouid=5aa5b52fa7eab75db4b6b2c2e0ce0751
12345